|-------------------------------------------------------------|
  . . . . . # # . . . # . # . . # # . # # # . # # . # # # # . |
| . . # # . # # # # . # . # . . # . . . # # . . # . . . # # . |
| . . # # # # # # . . . # . . . . . . . . . . # # . . # # # . |
| . # # . . . . # # . # # . . . . # . . # . # . . . . . . # . |
| . . # # . . # . . # . . # . # # . # . . # . # . . # # # # # |
| # . . . # . . . # # # # . . . # . . # # # . . # . # # . . . |
| . . . . . . . # . # . . . . . . . . # # . . . . # . # . . . |
| . . . # . . # # . # . # . . # # # . # . . # . . . # . . . # |
| # . # . . # # . . . . # # . . . . # # . # . # # . # # . # . |
| . . . . . . . # . . . . . # . . . . # # . . # . . . . . # # |
| . # # # . . # . # . . # # . . . . . # . . . . # # . . . # # |
| . # # . # . . # . # . . . # . . . . . . . . . . . . . . # . |
| . . # # . . # . . # . # . . # . # # . . . # # # # . # . . # |
| # . . # . # . # . . . # . # . . # . . . . . . . . # # # . . |
| # # . # . . . . . . . . . # # # . # # # . # # . # . # # . . |
| . # # . . . # . . . . . # # # . # # . . . . . # . # . . # . |
| . . # . . # # . # . . . # . . # . # . . . . # # # # . # . # |
| . # # . # . . # # # # . # # . # . . . . # . . . . # . # . . |
| # # # . # # . . . . # # # . . # . . # . . . # . . . . . . . |
| . # . . # # . . . # . # # . . . . . # . . . # # . # # . . .  
|-------------------------------------------------------------|
Solution in 67 steps.
|-------------------------------------------------------------|
  + . . . . # # . . . # . # . . # # . # # # . # # . # # # # . |
| + . # # . # # # # . # . # . . # . . . # # . . # . . . # # . |
| + . # # # # # # . . . # . . . . . . . . . . # # . . # # # . |
| + # # . . . . # # . # # . . . . # . . # . # . . . . . . # . |
| + + # # . . # . . # . . # . # # . # . . # . # . . # # # # # |
| # + . . # . . . # # # # . . . # . . # # # . . # . # # . . . |
| . + . . . . . # . # + + + . . . . . # # . . . . # . # . . . |
| . + . # . . # # . # + # + + # # # . # . . # . . . # . . . # |
| # + # . . # # . . . + # # + + . . # # . # . # # . # # . # . |
| . + + + + . . # . . + . . # + . . . # # . . # . . . . . # # |
| . # # # + + # . # . + # # . + . . . # . . . . # # . . . # # |
| . # # . # + . # . # + . . # + + + + + . . . . . . . . . # . |
| . . # # + + # . . # + # . . # . # # + . . # # # # . # . . # |
| # . . # + # . # + + + # . # . . # . + + + . . . . # # # . . |
| # # . # + + + + + . . . . # # # . # # # + # # . # . # # . . |
| . # # . . . # . . . . . # # # . # # . . + . . # . # . . # . |
| . . # . . # # . # . . . # . . # . # . . + + # # # # . # . # |
| . # # . # . . # # # # . # # . # . . . . # + + + . # . # . . |
| # # # . # # . . . . # # # . . # . . # . . . # + + + + + . . |
| . # . . # # . . . # . # # . . . . . # . . . # # . # # + + +  
|-------------------------------------------------------------|
