|-------------------------------------------------------------|
  . . . . . . # . . # . . . # . . . # # # . . . # . . # # # # |
| . . . # . . . . # # . # # # # . . . . # # # # . . # . . . # |
| . # . . # . # . # . # . # . . . . . # . # . . . . . . # . # |
| # . # . # . . # . . . # . . . . . # . # . . . . . # . . # . |
| . # . # . . # # # . . # . . # . . . . . . # . # . # . . . # |
| # . . . . . . # . # # . # . . # # . # # . # . # . . . # # # |
| . . # # . # . . . # . # . . # . . . # . # # # # # . . # # . |
| . . . . # . . . # . # # . # . . . # # # # # . . . . # . . . |
| # # . . . . . # # . . . . . . # . . # # . . . # . . # # # . |
| # # # # # # . # . # # . . . # . # . . . # # . . . . . . . # |
| . # . # . . . # . # # . . . . # . # . . # # # # . # . . . . |
| . . # . . . . . # . . . . . . # # . # # # . # # . # . . # . |
| # . # . # . . . . . . . . . # . . . # # # . # . . . . # # . |
| . # . . # . . . # # . . . . # . # . . # . . . . # # . . # . |
| . # # . . # . # . # . . . . . . # # # . . # # . . . . # # # |
| # . . # # # . # . . . . . . . # . . # # # . . . # # . # . # |
| . # . # . # . . . . # . . # # # # # . . . . . . . . . # # . |
| # . . # # . . # . # # # . # . # # . # # . # # . . . . . . . |
| # . . . # . . . # # # . . . . . . # . . . . . # # . . . . . |
| # . . . # . . # . . . . # . . . . . . # . . . . . # . # . .  
|-------------------------------------------------------------|
Solution in 55 steps.
|-------------------------------------------------------------|
  + + + + + . # . . # . . . # . . . # # # . . . # . . # # # # |
| . . . # + + . . # # . # # # # . . . . # # # # . . # . . . # |
| . # . . # + # . # . # . # . . . . . # . # . . . . . . # . # |
| # . # . # + . # . . . # . . . . . # . # . . . . . # . . # . |
| . # . # . + # # # . . # . . # . . . . . . # . # . # . . . # |
| # . . . . + + # . # # . # . . # # . # # . # . # . . . # # # |
| . . # # . # + . . # . # . . # . . . # . # # # # # . . # # . |
| . . . . # . + . # . # # . # . . . # # # # # . . . . # . . . |
| # # . . . . + # # . . . . . . # . . # # . . . # . . # # # . |
| # # # # # # + # . # # . . . # . # . . . # # . . . . . . . # |
| . # . # . . + # . # # . . . . # . # . . # # # # . # . . . . |
| . . # . . . + . # . . . . . . # # . # # # . # # . # . . # . |
| # . # . # . + + + + + . . . # . . . # # # . # . . . . # # . |
| . # . . # . . . # # + . . . # . # . . # . . . . # # . . # . |
| . # # . . # . # . # + . . . . . # # # . . # # . . . . # # # |
| # . . # # # . # . . + + . . . # . . # # # . . . # # . # . # |
| . # . # . # . . . . # + + # # # # # . . + + + + . . . # # . |
| # . . # # . . # . # # # + # . # # . # # + # # + + + . . . . |
| # . . . # . . . # # # . + + . . . # + + + . . # # + + + + . |
| # . . . # . . # . . . . # + + + + + + # . . . . . # . # + +  
|-------------------------------------------------------------|
