|-------------------------------------------------------------|
  . # . # . # . . . . # # . # . # # . # # # # . # . . . # # . |
| . . # # . # . # # . # . . # # . . . . . # . . . . . # . # . |
| . . . # . . # . . # . . . # # . . # # # . # # . # . # . . . |
| . # . . . . . # # . . . . # # . . . # . . # . . . # # . . . |
| . . # . . # # # . . . . . . . # . . . # # . # . # . # . # . |
| . # . # . # # . . . # . . . . . # . . . # . # . . . . # . # |
| # # . . . # . . # . . . . . # # . . # . . # . . . . # . # . |
| . # # # . # # # # . . # . # . # . . # # # # # . # . . # # # |
| . . . # . # . . . . # # # . . . # # # . # . # . . # . . . . |
| . # . # . . . # . # . # . # # . . # . # . # # . . . # # # . |
| . . . # . . . . # # . . # # # # . . # . # . . . # . . . # . |
| . # . # . # . . # . . # . # # # . . . . . . # . . . . . . . |
| # . . # . . # . . # # . . . . . . . # . # # # # # # # . # # |
| . # . . . . . . . . . # # . . # # # # . # . . . . . # # # . |
| # . # # . . . . . # . . . # . . # . . # . # # . . . . . . # |
| # # . # . . # . . . . # . # # # . # . . . . . # . . . # . . |
| . # . . . . # . # . # . # . # # . # . # # . # . . . # . . . |
| . # . . . # . # # . # . . # # # . # . # . . # . . # # . . # |
| . # . . . # . . # . . . . . . # . . . . . . . . # # . . # . |
| . # . . # . # # . . # . . # . . . # # . . . # . . . # . . .  
|-------------------------------------------------------------|
Solution in 61 steps.
|-------------------------------------------------------------|
  + # . # . # . . . . # # . # . # # . # # # # . # . . . # # . |
| + . # # . # . # # . # . . # # . . . . . # . . . . . # . # . |
| + + + # . . # . . # . . . # # . . # # # . # # . # . # . . . |
| . # + + . . . # # . . . . # # . . . # . . # . . . # # . . . |
| . . # + + # # # . . . . . . . # . . . # # . # . # . # . # . |
| . # . # + # # . . . # . . . . . # . . . # . # . . . . # . # |
| # # . . + # . . # . . . . . # # . . # . . # . . . . # . # . |
| . # # # + # # # # . . # . # . # . . # # # # # . # . . # # # |
| . . . # + # . . . . # # # . . . # # # . # . # . . # . . . . |
| . # . # + . . # . # . # . # # . . # . # . # # . . . # # # . |
| . . . # + . . . # # . . # # # # . . # . # . . . # . . . # . |
| . # . # + # . . # . . # . # # # . . . . . . # . . . . . . . |
| # . . # + . # . . # # . . . . . . . # . # # # # # # # . # # |
| . # . . + . . . . . . # # . . # # # # . # . . . . . # # # . |
| # . # # + + + + . # . . . # . . # . . # . # # . + + + + + # |
| # # . # . . # + + + . # . # # # . # . . . . . # + . . # + . |
| . # . . . . # . # + # . # . # # . # . # # . # + + . # . + . |
| . # . . . # . # # + # . . # # # . # . # . . # + . # # + + # |
| . # . . . # . . # + + + + + + # + + + + + + + + # # . + # . |
| . # . . # . # # . . # . . # + + + # # . . . # . . . # + + +  
|-------------------------------------------------------------|
