|-----------------------------------------|
  . . . . . . . . . . . . . . . . . . . . |
| # # # # # # # # # # # # # # # # # # # . |
| . . . . . . . . . . . . . . . . . . . . |
| . # # # # # # # # # # # # # # # # # # # |
| . . . . . . . . . . . . . . . . . . . . |
| # # # # # # # # # # # # # # # # # # # . |
| . . . . . . . . . . . . . . . . . . . . |
| . # # # # # # # # # # # # # # # # # # # |
| . . . . . . . . . . . . . . . . . . . . |
| # # # # # # # # # # # # # # # # # # # .  
|-----------------------------------------|
Solution in 105 steps.
|-----------------------------------------|
  + + + + + + + + + + + + + + + + + + + + |
| # # # # # # # # # # # # # # # # # # # + |
| + + + + + + + + + + + + + + + + + + + + |
| + # # # # # # # # # # # # # # # # # # # |
| + + + + + + + + + + + + + + + + + + + + |
| # # # # # # # # # # # # # # # # # # # + |
| + + + + + + + + + + + + + + + + + + + + |
| + # # # # # # # # # # # # # # # # # # # |
| + + + + + + + + + + + + + + + + + + + + |
| # # # # # # # # # # # # # # # # # # # +  
|-----------------------------------------|
